# JRE version: Java(TM) SE Runtime Environment (8.0-b129) (build 1.8.0-b129)
# Java VM: Java HotSpot(TM) 64-Bit Server VM (25.0-b69 mixed mode linux-amd64 compressed oops)
Heap:
 def new generation   total 28096K, used 0K [0x00000000f6c00000, 0x00000000f8a70000, 0x00000000f9d50000)
  eden space 25024K,   0% used [0x00000000f6c00000, 0x00000000f6c00000, 0x00000000f8470000)
  from space 3072K,   0% used [0x00000000f8770000, 0x00000000f8770000, 0x00000000f8a70000)
  to   space 3072K,   0% used [0x00000000f8470000, 0x00000000f8470000, 0x00000000f8770000)
 tenured generation   total 66604K, used 54557K [0x00000000f9d50000, 0x00000000fde5b000, 0x0000000100000000)
   the space 66604K,  81% used [0x00000000f9d50000, 0x00000000fd297658, 0x00000000fd297800, 0x00000000fde5b000)
 Metaspace       used 17979K, capacity 18470K, committed 18688K, reserved 1064960K
  class space    used 2004K, capacity 2202K, committed 2304K, reserved 1048576K
GC Heap History (10 events):
Event: 74.630 GC heap after
Heap after GC invocations=109 (full 5):
 def new generation   total 28096K, used 1803K [0x00000000f6c00000, 0x00000000f8a70000, 0x00000000f9d50000)
  eden space 25024K,   0% used [0x00000000f6c00000, 0x00000000f6c00000, 0x00000000f8470000)
  from space 3072K,  58% used [0x00000000f8470000, 0x00000000f8632f48, 0x00000000f8770000)
  to   space 3072K,   0% used [0x00000000f8770000, 0x00000000f8770000, 0x00000000f8a70000)
 tenured generation   total 62188K, used 43065K [0x00000000f9d50000, 0x00000000fda0b000, 0x0000000100000000)
   the space 62188K,  69% used [0x00000000f9d50000, 0x00000000fc75e6e8, 0x00000000fc75e800, 0x00000000fda0b000)
 Metaspace       used 16899K, capacity 17402K, committed 17536K, reserved 1064960K
  class space    used 1897K, capacity 2098K, committed 2176K, reserved 1048576K
}
Event: 78.935 GC heap before
{Heap before GC invocations=109 (full 5):
 def new generation   total 28096K, used 26827K [0x00000000f6c00000, 0x00000000f8a70000, 0x00000000f9d50000)
  eden space 25024K, 100% used [0x00000000f6c00000, 0x00000000f8470000, 0x00000000f8470000)
  from space 3072K,  58% used [0x00000000f8470000, 0x00000000f8632f48, 0x00000000f8770000)
  to   space 3072K,   0% used [0x00000000f8770000, 0x00000000f8770000, 0x00000000f8a70000)
 tenured generation   total 62188K, used 43065K [0x00000000f9d50000, 0x00000000fda0b000, 0x0000000100000000)
   the space 62188K,  69% used [0x00000000f9d50000, 0x00000000fc75e6e8, 0x00000000fc75e800, 0x00000000fda0b000)
 Metaspace       used 17945K, capacity 18470K, committed 18688K, reserved 1064960K
  class space    used 2003K, capacity 2202K, committed 2304K, reserved 1048576K
Event: 78.964 GC heap after
Heap after GC invocations=110 (full 5):
 def new generation   total 28096K, used 1760K [0x00000000f6c00000, 0x00000000f8a70000, 0x00000000f9d50000)
  eden space 25024K,   0% used [0x00000000f6c00000, 0x00000000f6c00000, 0x00000000f8470000)
  from space 3072K,  57% used [0x00000000f8770000, 0x00000000f89280f0, 0x00000000f8a70000)
  to   space 3072K,   0% used [0x00000000f8470000, 0x00000000f8470000, 0x00000000f8770000)
 tenured generation   total 62188K, used 44156K [0x00000000f9d50000, 0x00000000fda0b000, 0x0000000100000000)
   the space 62188K,  71% used [0x00000000f9d50000, 0x00000000fc86f060, 0x00000000fc86f200, 0x00000000fda0b000)
 Metaspace       used 17945K, capacity 18470K, committed 18688K, reserved 1064960K
  class space    used 2003K, capacity 2202K, committed 2304K, reserved 1048576K
}
Event: 80.616 GC heap before
{Heap before GC invocations=110 (full 5):
 def new generation   total 28096K, used 26784K [0x00000000f6c00000, 0x00000000f8a70000, 0x00000000f9d50000)
  eden space 25024K, 100% used [0x00000000f6c00000, 0x00000000f8470000, 0x00000000f8470000)
  from space 3072K,  57% used [0x00000000f8770000, 0x00000000f89280f0, 0x00000000f8a70000)
  to   space 3072K,   0% used [0x00000000f8470000, 0x00000000f8470000, 0x00000000f8770000)
 tenured generation   total 62188K, used 44156K [0x00000000f9d50000, 0x00000000fda0b000, 0x0000000100000000)
   the space 62188K,  71% used [0x00000000f9d50000, 0x00000000fc86f060, 0x00000000fc86f200, 0x00000000fda0b000)
 Metaspace       used 17967K, capacity 18470K, committed 18688K, reserved 1064960K
  class space    used 2004K, capacity 2202K, committed 2304K, reserved 1048576K
Event: 80.643 GC heap after
Heap after GC invocations=111 (full 5):
 def new generation   total 28096K, used 3072K [0x00000000f6c00000, 0x00000000f8a70000, 0x00000000f9d50000)
  eden space 25024K,   0% used [0x00000000f6c00000, 0x00000000f6c00000, 0x00000000f8470000)
  from space 3072K, 100% used [0x00000000f8470000, 0x00000000f8770000, 0x00000000f8770000)
  to   space 3072K,   0% used [0x00000000f8770000, 0x00000000f8770000, 0x00000000f8a70000)
 tenured generation   total 62188K, used 49831K [0x00000000f9d50000, 0x00000000fda0b000, 0x0000000100000000)
   the space 62188K,  80% used [0x00000000f9d50000, 0x00000000fcdf9fc8, 0x00000000fcdfa000, 0x00000000fda0b000)
 Metaspace       used 17967K, capacity 18470K, committed 18688K, reserved 1064960K
  class space    used 2004K, capacity 2202K, committed 2304K, reserved 1048576K
}
Event: 82.054 GC heap before
{Heap before GC invocations=111 (full 5):
 def new generation   total 28096K, used 28096K [0x00000000f6c00000, 0x00000000f8a70000, 0x00000000f9d50000)
  eden space 25024K, 100% used [0x00000000f6c00000, 0x00000000f8470000, 0x00000000f8470000)
  from space 3072K, 100% used [0x00000000f8470000, 0x00000000f8770000, 0x00000000f8770000)
  to   space 3072K,   0% used [0x00000000f8770000, 0x00000000f8770000, 0x00000000f8a70000)
 tenured generation   total 62188K, used 49831K [0x00000000f9d50000, 0x00000000fda0b000, 0x0000000100000000)
   the space 62188K,  80% used [0x00000000f9d50000, 0x00000000fcdf9fc8, 0x00000000fcdfa000, 0x00000000fda0b000)
 Metaspace       used 17977K, capacity 18470K, committed 18688K, reserved 1064960K
  class space    used 2004K, capacity 2202K, committed 2304K, reserved 1048576K
Event: 82.167 GC heap after
Heap after GC invocations=112 (full 5):
 def new generation   total 28096K, used 3072K [0x00000000f6c00000, 0x00000000f8a70000, 0x00000000f9d50000)
  eden space 25024K,   0% used [0x00000000f6c00000, 0x00000000f6c00000, 0x00000000f8470000)
  from space 3072K, 100% used [0x00000000f8770000, 0x00000000f8a70000, 0x00000000f8a70000)
  to   space 3072K,   0% used [0x00000000f8470000, 0x00000000f8470000, 0x00000000f8770000)
 tenured generation   total 62188K, used 55798K [0x00000000f9d50000, 0x00000000fda0b000, 0x0000000100000000)
   the space 62188K,  89% used [0x00000000f9d50000, 0x00000000fd3cd990, 0x00000000fd3cda00, 0x00000000fda0b000)
 Metaspace       used 17977K, capacity 18470K, committed 18688K, reserved 1064960K
  class space    used 2004K, capacity 2202K, committed 2304K, reserved 1048576K
}
Event: 83.716 GC heap before
{Heap before GC invocations=112 (full 5):
 def new generation   total 28096K, used 28096K [0x00000000f6c00000, 0x00000000f8a70000, 0x00000000f9d50000)
  eden space 25024K, 100% used [0x00000000f6c00000, 0x00000000f8470000, 0x00000000f8470000)
  from space 3072K, 100% used [0x00000000f8770000, 0x00000000f8a70000, 0x00000000f8a70000)
  to   space 3072K,   0% used [0x00000000f8470000, 0x00000000f8470000, 0x00000000f8770000)
 tenured generation   total 62188K, used 55798K [0x00000000f9d50000, 0x00000000fda0b000, 0x0000000100000000)
   the space 62188K,  89% used [0x00000000f9d50000, 0x00000000fd3cd990, 0x00000000fd3cda00, 0x00000000fda0b000)
 Metaspace       used 17979K, capacity 18470K, committed 18688K, reserved 1064960K
  class space    used 2004K, capacity 2202K, committed 2304K, reserved 1048576K
Event: 83.782 GC heap after
Heap after GC invocations=113 (full 5):
 def new generation   total 28096K, used 3071K [0x00000000f6c00000, 0x00000000f8a70000, 0x00000000f9d50000)
  eden space 25024K,   0% used [0x00000000f6c00000, 0x00000000f6c00000, 0x00000000f8470000)
  from space 3072K,  99% used [0x00000000f8470000, 0x00000000f876fff8, 0x00000000f8770000)
  to   space 3072K,   0% used [0x00000000f8770000, 0x00000000f8770000, 0x00000000f8a70000)
 tenured generation   total 62188K, used 60858K [0x00000000f9d50000, 0x00000000fda0b000, 0x0000000100000000)
   the space 62188K,  97% used [0x00000000f9d50000, 0x00000000fd8bea60, 0x00000000fd8bec00, 0x00000000fda0b000)
 Metaspace       used 17979K, capacity 18470K, committed 18688K, reserved 1064960K
  class space    used 2004K, capacity 2202K, committed 2304K, reserved 1048576K
}
Event: 85.343 GC heap before
{Heap before GC invocations=113 (full 5):
 def new generation   total 28096K, used 28095K [0x00000000f6c00000, 0x00000000f8a70000, 0x00000000f9d50000)
  eden space 25024K, 100% used [0x00000000f6c00000, 0x00000000f8470000, 0x00000000f8470000)
  from space 3072K,  99% used [0x00000000f8470000, 0x00000000f876fff8, 0x00000000f8770000)
  to   space 3072K,   0% used [0x00000000f8770000, 0x00000000f8770000, 0x00000000f8a70000)
 tenured generation   total 62188K, used 60858K [0x00000000f9d50000, 0x00000000fda0b000, 0x0000000100000000)
   the space 62188K,  97% used [0x00000000f9d50000, 0x00000000fd8bea60, 0x00000000fd8bec00, 0x00000000fda0b000)
 Metaspace       used 17979K, capacity 18470K, committed 18688K, reserved 1064960K
  class space    used 2004K, capacity 2202K, committed 2304K, reserved 1048576K

